<?xml version="1.0" encoding="UTF-8"?>
<coverage generated="1584720294365" clover="3.2.0">
  <project timestamp="1584720294366" name="All files">
    <metrics statements="22" coveredstatements="5" conditionals="4" coveredconditionals="0" methods="5" coveredmethods="1" elements="31" coveredelements="6" complexity="0" loc="22" ncloc="22" packages="1" files="2" classes="2"/>
    <file name="checkURL.js" path="C:\Users\graha\Desktop\Udacity\FEND\FEND-Evaluate-News-NLP\src\client\js\checkURL.js">
      <metrics statements="3" coveredstatements="3" conditionals="0" coveredconditionals="0" methods="1" coveredmethods="1"/>
      <line num="2" count="1" type="stmt"/>
      <line num="3" count="1" type="stmt"/>
      <line num="5" count="1" type="stmt"/>
    </file>
    <file name="formHandler.js" path="C:\Users\graha\Desktop\Udacity\FEND\FEND-Evaluate-News-NLP\src\client\js\formHandler.js">
      <metrics statements="19" coveredstatements="2" conditionals="4" coveredconditionals="0" methods="4" coveredmethods="0"/>
      <line num="1" count="1" type="cond" truecount="0" falsecount="2"/>
      <line num="2" count="0" type="stmt"/>
      <line num="12" count="0" type="stmt"/>
      <line num="13" count="0" type="stmt"/>
      <line num="14" count="0" type="stmt"/>
      <line num="15" count="0" type="stmt"/>
      <line num="17" count="0" type="stmt"/>
      <line num="21" count="1" type="stmt"/>
      <line num="22" count="0" type="stmt"/>
      <line num="23" count="0" type="stmt"/>
      <line num="24" count="0" type="stmt"/>
      <line num="25" count="0" type="stmt"/>
      <line num="30" count="0" type="stmt"/>
      <line num="33" count="0" type="stmt"/>
      <line num="50" count="0" type="cond" truecount="0" falsecount="2"/>
      <line num="51" count="0" type="stmt"/>
      <line num="52" count="0" type="stmt"/>
      <line num="54" count="0" type="stmt"/>
      <line num="58" count="0" type="stmt"/>
    </file>
  </project>
</coverage>
