<?xml version="1.0" encoding="UTF-8"?>
<coverage generated="1584705174144" clover="3.2.0">
  <project timestamp="1584705174147" name="All files">
    <metrics statements="25" coveredstatements="7" conditionals="2" coveredconditionals="0" methods="6" coveredmethods="1" elements="33" coveredelements="8" complexity="0" loc="25" ncloc="25" packages="1" files="2" classes="2"/>
    <file name="checkURL.js" path="C:\Users\graha\Desktop\Udacity\FEND\FEND-Evaluate-News-NLP\src\client\js\checkURL.js">
      <metrics statements="4" coveredstatements="4" conditionals="0" coveredconditionals="0" methods="1" coveredmethods="1"/>
      <line num="2" count="1" type="stmt"/>
      <line num="3" count="1" type="stmt"/>
      <line num="5" count="1" type="stmt"/>
      <line num="8" count="1" type="stmt"/>
    </file>
    <file name="formHandler.js" path="C:\Users\graha\Desktop\Udacity\FEND\FEND-Evaluate-News-NLP\src\client\js\formHandler.js">
      <metrics statements="21" coveredstatements="3" conditionals="2" coveredconditionals="0" methods="5" coveredmethods="0"/>
      <line num="1" count="1" type="cond" truecount="0" falsecount="2"/>
      <line num="2" count="0" type="stmt"/>
      <line num="12" count="0" type="stmt"/>
      <line num="13" count="0" type="stmt"/>
      <line num="14" count="0" type="stmt"/>
      <line num="15" count="0" type="stmt"/>
      <line num="17" count="0" type="stmt"/>
      <line num="21" count="1" type="stmt"/>
      <line num="22" count="0" type="stmt"/>
      <line num="27" count="0" type="stmt"/>
      <line num="30" count="0" type="stmt"/>
      <line num="32" count="0" type="stmt"/>
      <line num="34" count="0" type="stmt"/>
      <line num="35" count="0" type="stmt"/>
      <line num="37" count="0" type="stmt"/>
      <line num="40" count="0" type="stmt"/>
      <line num="41" count="0" type="stmt"/>
      <line num="42" count="0" type="stmt"/>
      <line num="43" count="0" type="stmt"/>
      <line num="44" count="0" type="stmt"/>
      <line num="59" count="1" type="stmt"/>
    </file>
  </project>
</coverage>
