{"C:\\Users\\graha\\Desktop\\Udacity\\FEND\\FEND-Evaluate-News-NLP\\src\\client\\js\\checkURL.js": {"path":"C:\\Users\\graha\\Desktop\\Udacity\\FEND\\FEND-Evaluate-News-NLP\\src\\client\\js\\checkURL.js","statementMap":{"0":{"start":{"line":2,"column":4},"end":{"line":2,"column":50}},"1":{"start":{"line":3,"column":18},"end":{"line":3,"column":139}},"2":{"start":{"line":5,"column":4},"end":{"line":5,"column":32}},"3":{"start":{"line":8,"column":0},"end":{"line":8,"column":26}}},"fnMap":{"0":{"name":"checkURL","decl":{"start":{"line":1,"column":9},"end":{"line":1,"column":17}},"loc":{"start":{"line":1,"column":28},"end":{"line":6,"column":1}},"line":1}},"branchMap":{},"s":{"0":1,"1":1,"2":1,"3":1},"f":{"0":1},"b":{},"_coverageSchema":"1a1c01bbd47fc00a2c39e90264f33305004495a9","hash":"ba4471c87b04e8b002f7cd88a2999700134ec72b"}
,"C:\\Users\\graha\\Desktop\\Udacity\\FEND\\FEND-Evaluate-News-NLP\\src\\client\\js\\formHandler.js": {"path":"C:\\Users\\graha\\Desktop\\Udacity\\FEND\\FEND-Evaluate-News-NLP\\src\\client\\js\\formHandler.js","statementMap":{"0":{"start":{"line":1,"column":20},"end":{"line":19,"column":1}},"1":{"start":{"line":2,"column":21},"end":{"line":10,"column":6}},"2":{"start":{"line":12,"column":4},"end":{"line":18,"column":5}},"3":{"start":{"line":13,"column":24},"end":{"line":13,"column":45}},"4":{"start":{"line":14,"column":8},"end":{"line":14,"column":28}},"5":{"start":{"line":15,"column":8},"end":{"line":15,"column":23}},"6":{"start":{"line":17,"column":8},"end":{"line":17,"column":36}},"7":{"start":{"line":21,"column":17},"end":{"line":23,"column":1}},"8":{"start":{"line":22,"column":4},"end":{"line":22,"column":60}},"9":{"start":{"line":27,"column":4},"end":{"line":27,"column":26}},"10":{"start":{"line":30,"column":19},"end":{"line":30,"column":55}},"11":{"start":{"line":32,"column":4},"end":{"line":32,"column":29}},"12":{"start":{"line":34,"column":4},"end":{"line":34,"column":41}},"13":{"start":{"line":35,"column":4},"end":{"line":45,"column":10}},"14":{"start":{"line":37,"column":12},"end":{"line":37,"column":29}},"15":{"start":{"line":40,"column":12},"end":{"line":40,"column":29}},"16":{"start":{"line":41,"column":12},"end":{"line":41,"column":88}},"17":{"start":{"line":42,"column":12},"end":{"line":42,"column":121}},"18":{"start":{"line":43,"column":12},"end":{"line":43,"column":99}},"19":{"start":{"line":44,"column":12},"end":{"line":44,"column":133}},"20":{"start":{"line":59,"column":0},"end":{"line":59,"column":29}}},"fnMap":{"0":{"name":"(anonymous_0)","decl":{"start":{"line":1,"column":20},"end":{"line":1,"column":21}},"loc":{"start":{"line":1,"column":51},"end":{"line":19,"column":1}},"line":1},"1":{"name":"(anonymous_1)","decl":{"start":{"line":21,"column":17},"end":{"line":21,"column":18}},"loc":{"start":{"line":21,"column":27},"end":{"line":23,"column":1}},"line":21},"2":{"name":"handleSubmit","decl":{"start":{"line":26,"column":9},"end":{"line":26,"column":21}},"loc":{"start":{"line":26,"column":29},"end":{"line":57,"column":1}},"line":26},"3":{"name":"(anonymous_3)","decl":{"start":{"line":36,"column":14},"end":{"line":36,"column":15}},"loc":{"start":{"line":36,"column":21},"end":{"line":38,"column":9}},"line":36},"4":{"name":"(anonymous_4)","decl":{"start":{"line":39,"column":14},"end":{"line":39,"column":15}},"loc":{"start":{"line":39,"column":30},"end":{"line":45,"column":9}},"line":39}},"branchMap":{"0":{"loc":{"start":{"line":1,"column":27},"end":{"line":1,"column":35}},"type":"default-arg","locations":[{"start":{"line":1,"column":33},"end":{"line":1,"column":35}}],"line":1},"1":{"loc":{"start":{"line":1,"column":37},"end":{"line":1,"column":46}},"type":"default-arg","locations":[{"start":{"line":1,"column":44},"end":{"line":1,"column":46}}],"line":1}},"s":{"0":1,"1":0,"2":0,"3":0,"4":0,"5":0,"6":0,"7":1,"8":0,"9":0,"10":0,"11":0,"12":0,"13":0,"14":0,"15":0,"16":0,"17":0,"18":0,"19":0,"20":1},"f":{"0":0,"1":0,"2":0,"3":0,"4":0},"b":{"0":[0],"1":[0]},"_coverageSchema":"1a1c01bbd47fc00a2c39e90264f33305004495a9","hash":"fa588d96166f484e72458db632f6cf6398338bb4"}
}
