{"C:\\Users\\graha\\Desktop\\Udacity\\FEND\\FEND-Evaluate-News-NLP\\src\\client\\js\\checkURL.js": {"path":"C:\\Users\\graha\\Desktop\\Udacity\\FEND\\FEND-Evaluate-News-NLP\\src\\client\\js\\checkURL.js","statementMap":{"0":{"start":{"line":2,"column":4},"end":{"line":2,"column":50}},"1":{"start":{"line":3,"column":18},"end":{"line":3,"column":139}},"2":{"start":{"line":5,"column":4},"end":{"line":5,"column":32}}},"fnMap":{"0":{"name":"checkURL","decl":{"start":{"line":1,"column":9},"end":{"line":1,"column":17}},"loc":{"start":{"line":1,"column":28},"end":{"line":6,"column":1}},"line":1}},"branchMap":{},"s":{"0":1,"1":1,"2":1},"f":{"0":1},"b":{},"_coverageSchema":"1a1c01bbd47fc00a2c39e90264f33305004495a9","hash":"a0a6542108b832ad1f9d51a0050f3584fc273272"}
,"C:\\Users\\graha\\Desktop\\Udacity\\FEND\\FEND-Evaluate-News-NLP\\src\\client\\js\\formHandler.js": {"path":"C:\\Users\\graha\\Desktop\\Udacity\\FEND\\FEND-Evaluate-News-NLP\\src\\client\\js\\formHandler.js","statementMap":{"0":{"start":{"line":1,"column":20},"end":{"line":19,"column":1}},"1":{"start":{"line":2,"column":21},"end":{"line":10,"column":6}},"2":{"start":{"line":12,"column":4},"end":{"line":18,"column":5}},"3":{"start":{"line":13,"column":24},"end":{"line":13,"column":45}},"4":{"start":{"line":14,"column":8},"end":{"line":14,"column":28}},"5":{"start":{"line":15,"column":8},"end":{"line":15,"column":23}},"6":{"start":{"line":17,"column":8},"end":{"line":17,"column":36}},"7":{"start":{"line":21,"column":17},"end":{"line":26,"column":1}},"8":{"start":{"line":22,"column":4},"end":{"line":22,"column":80}},"9":{"start":{"line":23,"column":4},"end":{"line":23,"column":113}},"10":{"start":{"line":24,"column":4},"end":{"line":24,"column":91}},"11":{"start":{"line":25,"column":4},"end":{"line":25,"column":125}},"12":{"start":{"line":30,"column":4},"end":{"line":30,"column":26}},"13":{"start":{"line":33,"column":19},"end":{"line":33,"column":55}},"14":{"start":{"line":50,"column":4},"end":{"line":59,"column":5}},"15":{"start":{"line":51,"column":8},"end":{"line":51,"column":45}},"16":{"start":{"line":52,"column":8},"end":{"line":55,"column":15}},"17":{"start":{"line":54,"column":16},"end":{"line":54,"column":30}},"18":{"start":{"line":58,"column":8},"end":{"line":58,"column":42}}},"fnMap":{"0":{"name":"(anonymous_0)","decl":{"start":{"line":1,"column":20},"end":{"line":1,"column":21}},"loc":{"start":{"line":1,"column":51},"end":{"line":19,"column":1}},"line":1},"1":{"name":"(anonymous_1)","decl":{"start":{"line":21,"column":17},"end":{"line":21,"column":18}},"loc":{"start":{"line":21,"column":27},"end":{"line":26,"column":1}},"line":21},"2":{"name":"handleSubmit","decl":{"start":{"line":29,"column":9},"end":{"line":29,"column":21}},"loc":{"start":{"line":29,"column":29},"end":{"line":60,"column":1}},"line":29},"3":{"name":"(anonymous_3)","decl":{"start":{"line":53,"column":19},"end":{"line":53,"column":20}},"loc":{"start":{"line":53,"column":35},"end":{"line":55,"column":13}},"line":53}},"branchMap":{"0":{"loc":{"start":{"line":1,"column":27},"end":{"line":1,"column":35}},"type":"default-arg","locations":[{"start":{"line":1,"column":33},"end":{"line":1,"column":35}}],"line":1},"1":{"loc":{"start":{"line":1,"column":37},"end":{"line":1,"column":46}},"type":"default-arg","locations":[{"start":{"line":1,"column":44},"end":{"line":1,"column":46}}],"line":1},"2":{"loc":{"start":{"line":50,"column":4},"end":{"line":59,"column":5}},"type":"if","locations":[{"start":{"line":50,"column":4},"end":{"line":59,"column":5}},{"start":{"line":50,"column":4},"end":{"line":59,"column":5}}],"line":50}},"s":{"0":1,"1":0,"2":0,"3":0,"4":0,"5":0,"6":0,"7":1,"8":0,"9":0,"10":0,"11":0,"12":0,"13":0,"14":0,"15":0,"16":0,"17":0,"18":0},"f":{"0":0,"1":0,"2":0,"3":0},"b":{"0":[0],"1":[0],"2":[0,0]},"_coverageSchema":"1a1c01bbd47fc00a2c39e90264f33305004495a9","hash":"52e52c37b38623682ddb705664bf799e78f113b8"}
}
