TN:
SF:src\client\js\checkURL.js
FN:1,checkURL
FNF:1
FNH:1
FNDA:1,checkURL
DA:2,1
DA:3,1
DA:5,1
LF:3
LH:3
BRF:0
BRH:0
end_of_record
TN:
SF:src\client\js\formHandler.js
FN:1,(anonymous_0)
FN:21,(anonymous_1)
FN:29,handleSubmit
FN:53,(anonymous_3)
FNF:4
FNH:0
FNDA:0,(anonymous_0)
FNDA:0,(anonymous_1)
FNDA:0,handleSubmit
FNDA:0,(anonymous_3)
DA:1,1
DA:2,0
DA:12,0
DA:13,0
DA:14,0
DA:15,0
DA:17,0
DA:21,1
DA:22,0
DA:23,0
DA:24,0
DA:25,0
DA:30,0
DA:33,0
DA:50,0
DA:51,0
DA:52,0
DA:54,0
DA:58,0
LF:19
LH:2
BRDA:1,0,0,0
BRDA:1,1,0,0
BRDA:50,2,0,0
BRDA:50,2,1,0
BRF:4
BRH:0
end_of_record
